<?xml version="1.0" encoding="UTF-8"?>
<testsuite xmlns:xsi="http://www.w3.org/2001/XMLSchema-instance" xsi:noNamespaceSchemaLocation="https://maven.apache.org/surefire/maven-surefire-plugin/xsd/surefire-test-report.xsd" version="3.0.2" name="Tika Validator Tests" time="0.186" tests="5" errors="0" skipped="0" failures="0">
  <properties>
[...]
</properties>
  <testcase name="Should_ReturnRealMediaType_When_ValidInputStream" classname="Tika Validator Tests" time="0.152">
    <system-err><![CDATA[SLF4J(W): No SLF4J providers were found.
SLF4J(W): Defaulting to no-operation (NOP) logger implementation
SLF4J(W): See https://www.slf4j.org/codes.html#noProviders for further details.
]]></system-err>
  </testcase>
  <testcase name="Should_RenameFileCorrectly_When_FilenameIsChanged" classname="Tika Validator Tests" time="0.003"/>
  <testcase name="Should_ReturnRealMediaType_When_ExtensionOfFileIsChanged" classname="Tika Validator Tests" time="0.005"/>
  <testcase name="Should_ReturnOctetStream_When_CannotDetectFileType" classname="Tika Validator Tests" time="0.003"/>
  <testcase name="Should_ReturnRealMediaType_When_MultipartFileIsSupplied" classname="Tika Validator Tests" time="0.006"/>
</testsuite>